c:\users\jang\desktop\새 폴더 (9)\my\x64\debug\my.pch
c:\users\jang\desktop\새 폴더 (9)\my\x64\debug\vc142.pdb
c:\users\jang\desktop\새 폴더 (9)\my\x64\debug\vc142.idb
c:\users\jang\desktop\새 폴더 (9)\my\x64\debug\pch.obj
c:\users\jang\desktop\새 폴더 (9)\my\x64\debug\viewtree.obj
c:\users\jang\desktop\새 폴더 (9)\my\x64\debug\propertieswnd.obj
c:\users\jang\desktop\새 폴더 (9)\my\x64\debug\outputwnd.obj
c:\users\jang\desktop\새 폴더 (9)\my\x64\debug\myview.obj
c:\users\jang\desktop\새 폴더 (9)\my\x64\debug\mydoc.obj
c:\users\jang\desktop\새 폴더 (9)\my\x64\debug\my.obj
c:\users\jang\desktop\새 폴더 (9)\my\x64\debug\mainfrm.obj
c:\users\jang\desktop\새 폴더 (9)\my\x64\debug\fileview.obj
c:\users\jang\desktop\새 폴더 (9)\my\x64\debug\classview.obj
c:\users\jang\desktop\새 폴더 (9)\x64\debug\my.exe
c:\users\jang\desktop\새 폴더 (9)\x64\debug\my.ilk
c:\users\jang\desktop\새 폴더 (9)\x64\debug\my.pdb
c:\users\jang\desktop\새 폴더 (9)\my\x64\debug\my.res
c:\users\jang\desktop\새 폴더 (9)\my\x64\debug\my.tlog\cl.command.1.tlog
c:\users\jang\desktop\새 폴더 (9)\my\x64\debug\my.tlog\cl.read.1.tlog
c:\users\jang\desktop\새 폴더 (9)\my\x64\debug\my.tlog\cl.write.1.tlog
c:\users\jang\desktop\새 폴더 (9)\my\x64\debug\my.tlog\link.command.1.tlog
c:\users\jang\desktop\새 폴더 (9)\my\x64\debug\my.tlog\link.read.1.tlog
c:\users\jang\desktop\새 폴더 (9)\my\x64\debug\my.tlog\link.write.1.tlog
c:\users\jang\desktop\새 폴더 (9)\my\x64\debug\my.tlog\rc.command.1.tlog
c:\users\jang\desktop\새 폴더 (9)\my\x64\debug\my.tlog\rc.read.1.tlog
c:\users\jang\desktop\새 폴더 (9)\my\x64\debug\my.tlog\rc.write.1.tlog
