c:\users\jang\source\repos\비쥬얼 string\my\my\debug\my.pch
c:\users\jang\source\repos\비쥬얼 string\my\my\debug\vc142.pdb
c:\users\jang\source\repos\비쥬얼 string\my\my\debug\vc142.idb
c:\users\jang\source\repos\비쥬얼 string\my\my\debug\pch.obj
c:\users\jang\source\repos\비쥬얼 string\my\my\debug\viewtree.obj
c:\users\jang\source\repos\비쥬얼 string\my\my\debug\propertieswnd.obj
c:\users\jang\source\repos\비쥬얼 string\my\my\debug\outputwnd.obj
c:\users\jang\source\repos\비쥬얼 string\my\my\debug\myview.obj
c:\users\jang\source\repos\비쥬얼 string\my\my\debug\mydoc.obj
c:\users\jang\source\repos\비쥬얼 string\my\my\debug\my.obj
c:\users\jang\source\repos\비쥬얼 string\my\my\debug\mainfrm.obj
c:\users\jang\source\repos\비쥬얼 string\my\my\debug\classview.obj
c:\users\jang\source\repos\비쥬얼 string\my\my\debug\fileview.obj
c:\users\jang\source\repos\비쥬얼 string\my\debug\my.exe
c:\users\jang\source\repos\비쥬얼 string\my\debug\my.ilk
c:\users\jang\source\repos\비쥬얼 string\my\debug\my.pdb
c:\users\jang\source\repos\비쥬얼 string\my\my\debug\my.res
c:\users\jang\source\repos\비쥬얼 string\my\my\debug\my.tlog\cl.command.1.tlog
c:\users\jang\source\repos\비쥬얼 string\my\my\debug\my.tlog\cl.read.1.tlog
c:\users\jang\source\repos\비쥬얼 string\my\my\debug\my.tlog\cl.write.1.tlog
c:\users\jang\source\repos\비쥬얼 string\my\my\debug\my.tlog\link.command.1.tlog
c:\users\jang\source\repos\비쥬얼 string\my\my\debug\my.tlog\link.read.1.tlog
c:\users\jang\source\repos\비쥬얼 string\my\my\debug\my.tlog\link.write.1.tlog
c:\users\jang\source\repos\비쥬얼 string\my\my\debug\my.tlog\rc.command.1.tlog
c:\users\jang\source\repos\비쥬얼 string\my\my\debug\my.tlog\rc.read.1.tlog
c:\users\jang\source\repos\비쥬얼 string\my\my\debug\my.tlog\rc.write.1.tlog
